C:\Program Files (x86)\Microsoft Visual Studio\2019\Community\MSBuild\Microsoft\VC\v160\Microsoft.CppBuild.targets(513,5): warning MSB8028: Das Zwischenverzeichnis (x64\Release\) enthält freigegebene Dateien aus einem anderen Projekt (BlueFireColorbot.vcxproj). Dies kann zu einem falschen Bereinigungs- und Neuerstellungsverhalten führen.
  main.cpp
C:\Users\11C\Documents\fire\BlueFireColorbot\main.cpp(78,14): warning C4244: "return": Konvertierung von "double" in "float", möglicher Datenverlust
C:\Users\11C\Documents\fire\BlueFireColorbot\main.cpp(88,18): warning C4305: "Initialisierung": Verkürzung von "double" in "float"
C:\Users\11C\Documents\fire\BlueFireColorbot\main.cpp(91,28): warning C4305: "Initialisierung": Verkürzung von "double" in "float"
C:\Users\11C\Documents\fire\BlueFireColorbot\main.cpp(177,31): warning C4244: "return": Konvertierung von "double" in "int", möglicher Datenverlust
C:\Users\11C\Documents\fire\BlueFireColorbot\main.cpp(184,31): warning C4244: "return": Konvertierung von "double" in "int", möglicher Datenverlust
C:\Users\11C\Documents\fire\BlueFireColorbot\main.cpp(196,52): warning C4244: "Argument": Konvertierung von "float" in "int", möglicher Datenverlust
C:\Users\11C\Documents\fire\BlueFireColorbot\main.cpp(196,25): warning C4244: "Argument": Konvertierung von "float" in "int", möglicher Datenverlust
C:\Users\11C\Documents\fire\BlueFireColorbot\main.cpp(557,4): warning C4244: "=": Konvertierung von "double" in "float", möglicher Datenverlust
C:\Users\11C\Documents\fire\BlueFireColorbot\main.cpp(558,4): warning C4244: "=": Konvertierung von "double" in "int", möglicher Datenverlust
C:\Users\11C\Documents\fire\BlueFireColorbot\main.cpp(559,4): warning C4244: "=": Konvertierung von "double" in "int", möglicher Datenverlust
C:\Users\11C\Documents\fire\BlueFireColorbot\main.cpp(560,4): warning C4244: "=": Konvertierung von "double" in "int", möglicher Datenverlust
C:\Users\11C\Documents\fire\BlueFireColorbot\main.cpp(561,4): warning C4244: "=": Konvertierung von "double" in "int", möglicher Datenverlust
C:\Users\11C\Documents\fire\BlueFireColorbot\main.cpp(563,4): warning C4244: "=": Konvertierung von "double" in "int", möglicher Datenverlust
C:\Users\11C\Documents\fire\BlueFireColorbot\main.cpp(564,4): warning C4244: "=": Konvertierung von "double" in "int", möglicher Datenverlust
C:\Users\11C\Documents\fire\BlueFireColorbot\main.cpp(565,4): warning C4244: "=": Konvertierung von "double" in "int", möglicher Datenverlust
C:\Users\11C\Documents\fire\BlueFireColorbot\main.cpp(566,4): warning C4244: "=": Konvertierung von "double" in "int", möglicher Datenverlust
C:\Users\11C\Documents\fire\BlueFireColorbot\main.cpp(719,20): warning C4267: "=": Konvertierung von "size_t" nach "int", Datenverlust möglich
  Code wird generiert.
  Codegenerierung ist abgeschlossen.
  BlueFireColorbot.vcxproj -> C:\Users\11C\Documents\fire\x64\Release\10HEAD-um.exe
